Removed Parameter Bits(#):4 from Part A1
Removed Parameter Bits(#):4 from Part A1
Removed Parameter Bits(#):4 from Part A1
Removed Parameter Bits(#):4 from Part A1
Removed Parameter Bits(#):4 from Part A1
Removed Parameter Code_JEDEC:MS-001 from Part A1
Removed Parameter Code_JEDEC:MS-001 from Part A1
Removed Parameter Code_JEDEC:MS-001 from Part A1
Removed Parameter Code_JEDEC:MS-001 from Part A1
Removed Parameter Code_JEDEC:MS-001 from Part A1
Removed Parameter DatasheetVersion:SCHS125C from Part A1
Removed Parameter DatasheetVersion:SCHS125C from Part A1
Removed Parameter DatasheetVersion:SCHS125C from Part A1
Removed Parameter DatasheetVersion:SCHS125C from Part A1
Removed Parameter DatasheetVersion:SCHS125C from Part A1
Removed Parameter F @ Nom Voltage(Max)(Mhz):25 from Part A1
Removed Parameter F @ Nom Voltage(Max)(Mhz):25 from Part A1
Removed Parameter F @ Nom Voltage(Max)(Mhz):25 from Part A1
Removed Parameter F @ Nom Voltage(Max)(Mhz):25 from Part A1
Removed Parameter F @ Nom Voltage(Max)(Mhz):25 from Part A1
Removed Parameter Generic Part Number:CD74HCT02 from Part A1
Removed Parameter Generic Part Number:CD74HCT02 from Part A1
Removed Parameter Generic Part Number:CD74HCT02 from Part A1
Removed Parameter Generic Part Number:CD74HCT02 from Part A1
Removed Parameter Generic Part Number:CD74HCT02 from Part A1
Removed Parameter ICC @ Nom Voltage(Max)(mA):0.02 from Part A1
Removed Parameter ICC @ Nom Voltage(Max)(mA):0.02 from Part A1
Removed Parameter ICC @ Nom Voltage(Max)(mA):0.02 from Part A1
Removed Parameter ICC @ Nom Voltage(Max)(mA):0.02 from Part A1
Removed Parameter ICC @ Nom Voltage(Max)(mA):0.02 from Part A1
Removed Parameter Input Type:TTL from Part A1
Removed Parameter Input Type:TTL from Part A1
Removed Parameter Input Type:TTL from Part A1
Removed Parameter Input Type:TTL from Part A1
Removed Parameter Input Type:TTL from Part A1
Removed Parameter Manufacturer:Texas Instruments from Part A1
Removed Parameter Manufacturer:Texas Instruments from Part A1
Removed Parameter Manufacturer:Texas Instruments from Part A1
Removed Parameter Manufacturer:Texas Instruments from Part A1
Removed Parameter Manufacturer:Texas Instruments from Part A1
Removed Parameter Operating Temperature Range(C):-55 to 125 from Part A1
Removed Parameter Operating Temperature Range(C):-55 to 125 from Part A1
Removed Parameter Operating Temperature Range(C):-55 to 125 from Part A1
Removed Parameter Operating Temperature Range(C):-55 to 125 from Part A1
Removed Parameter Operating Temperature Range(C):-55 to 125 from Part A1
Removed Parameter Output Drive (IOL/IOH)(Max)(mA):4/-4 from Part A1
Removed Parameter Output Drive (IOL/IOH)(Max)(mA):4/-4 from Part A1
Removed Parameter Output Drive (IOL/IOH)(Max)(mA):4/-4 from Part A1
Removed Parameter Output Drive (IOL/IOH)(Max)(mA):4/-4 from Part A1
Removed Parameter Output Drive (IOL/IOH)(Max)(mA):4/-4 from Part A1
Removed Parameter Output Type:CMOS from Part A1
Removed Parameter Output Type:CMOS from Part A1
Removed Parameter Output Type:CMOS from Part A1
Removed Parameter Output Type:CMOS from Part A1
Removed Parameter Output Type:CMOS from Part A1
Removed Parameter PackageReference:N0014A from Part A1
Removed Parameter PackageReference:N0014A from Part A1
Removed Parameter PackageReference:N0014A from Part A1
Removed Parameter PackageReference:N0014A from Part A1
Removed Parameter PackageReference:N0014A from Part A1
Removed Parameter PackageVersion:http://www.ti.com/lit/ml/mpdi002c/mpdi002c.pdf from Part A1
Removed Parameter PackageVersion:http://www.ti.com/lit/ml/mpdi002c/mpdi002c.pdf from Part A1
Removed Parameter PackageVersion:http://www.ti.com/lit/ml/mpdi002c/mpdi002c.pdf from Part A1
Removed Parameter PackageVersion:http://www.ti.com/lit/ml/mpdi002c/mpdi002c.pdf from Part A1
Removed Parameter PackageVersion:http://www.ti.com/lit/ml/mpdi002c/mpdi002c.pdf from Part A1
Removed Parameter Rating:Catalog from Part A1
Removed Parameter Rating:Catalog from Part A1
Removed Parameter Rating:Catalog from Part A1
Removed Parameter Rating:Catalog from Part A1
Removed Parameter Rating:Catalog from Part A1
Removed Parameter tpd @ Nom Voltage(Max)(ns):26 from Part A1
Removed Parameter tpd @ Nom Voltage(Max)(ns):26 from Part A1
Removed Parameter tpd @ Nom Voltage(Max)(ns):26 from Part A1
Removed Parameter tpd @ Nom Voltage(Max)(ns):26 from Part A1
Removed Parameter tpd @ Nom Voltage(Max)(ns):26 from Part A1
Removed Parameter VCC(Max)(V):5.5 from Part A1
Removed Parameter VCC(Max)(V):5.5 from Part A1
Removed Parameter VCC(Max)(V):5.5 from Part A1
Removed Parameter VCC(Max)(V):5.5 from Part A1
Removed Parameter VCC(Max)(V):5.5 from Part A1
Removed Parameter VCC(Min)(V):4.5 from Part A1
Removed Parameter VCC(Min)(V):4.5 from Part A1
Removed Parameter VCC(Min)(V):4.5 from Part A1
Removed Parameter VCC(Min)(V):4.5 from Part A1
Removed Parameter VCC(Min)(V):4.5 from Part A1
Removed Parameter Voltage(Nom)(V):5 from Part A1
Removed Parameter Voltage(Nom)(V):5 from Part A1
Removed Parameter Voltage(Nom)(V):5 from Part A1
Removed Parameter Voltage(Nom)(V):5 from Part A1
Removed Parameter Voltage(Nom)(V):5 from Part A1
Added Parameter Case/Package=DIP to Part A1
Added Parameter Case/Package=DIP to Part A1
Added Parameter Case/Package=DIP to Part A1
Added Parameter Case/Package=DIP to Part A1
Added Parameter Case/Package=DIP to Part A1
Added Parameter Channels=4 to Part A1
Added Parameter Channels=4 to Part A1
Added Parameter Channels=4 to Part A1
Added Parameter Channels=4 to Part A1
Added Parameter Channels=4 to Part A1
Added Parameter Frequency= to Part A1
Added Parameter Frequency= to Part A1
Added Parameter Frequency= to Part A1
Added Parameter Frequency= to Part A1
Added Parameter Frequency= to Part A1
Added Parameter Height - Seated (Max)=5.08mm to Part A1
Added Parameter Height - Seated (Max)=5.08mm to Part A1
Added Parameter Height - Seated (Max)=5.08mm to Part A1
Added Parameter Height - Seated (Max)=5.08mm to Part A1
Added Parameter Height - Seated (Max)=5.08mm to Part A1
Added Parameter JESD-30 Code=R-PDIP-T14 to Part A1
Added Parameter JESD-30 Code=R-PDIP-T14 to Part A1
Added Parameter JESD-30 Code=R-PDIP-T14 to Part A1
Added Parameter JESD-30 Code=R-PDIP-T14 to Part A1
Added Parameter JESD-30 Code=R-PDIP-T14 to Part A1
Added Parameter JESD-609 Code=e4 to Part A1
Added Parameter JESD-609 Code=e4 to Part A1
Added Parameter JESD-609 Code=e4 to Part A1
Added Parameter JESD-609 Code=e4 to Part A1
Added Parameter JESD-609 Code=e4 to Part A1
Added Parameter Length=19.305mm to Part A1
Added Parameter Length=19.305mm to Part A1
Added Parameter Length=19.305mm to Part A1
Added Parameter Length=19.305mm to Part A1
Added Parameter Length=19.305mm to Part A1
Added Parameter Load Capacitance (CL)=50pF to Part A1
Added Parameter Load Capacitance (CL)=50pF to Part A1
Added Parameter Load Capacitance (CL)=50pF to Part A1
Added Parameter Load Capacitance (CL)=50pF to Part A1
Added Parameter Load Capacitance (CL)=50pF to Part A1
Added Parameter Logic Type=NOR GATE to Part A1
Added Parameter Logic Type=NOR GATE to Part A1
Added Parameter Logic Type=NOR GATE to Part A1
Added Parameter Logic Type=NOR GATE to Part A1
Added Parameter Logic Type=NOR GATE to Part A1
Added Parameter Max I(ol)=4mA to Part A1
Added Parameter Max I(ol)=4mA to Part A1
Added Parameter Max I(ol)=4mA to Part A1
Added Parameter Max I(ol)=4mA to Part A1
Added Parameter Max I(ol)=4mA to Part A1
Added Parameter Max Operating Temperature=85°C to Part A1
Added Parameter Max Operating Temperature=85°C to Part A1
Added Parameter Max Operating Temperature=85°C to Part A1
Added Parameter Max Operating Temperature=85°C to Part A1
Added Parameter Max Operating Temperature=85°C to Part A1
Added Parameter Max Power Dissipation= to Part A1
Added Parameter Max Power Dissipation= to Part A1
Added Parameter Max Power Dissipation= to Part A1
Added Parameter Max Power Dissipation= to Part A1
Added Parameter Max Power Dissipation= to Part A1
Added Parameter Max Supply Voltage=5.5V to Part A1
Added Parameter Max Supply Voltage=5.5V to Part A1
Added Parameter Max Supply Voltage=5.5V to Part A1
Added Parameter Max Supply Voltage=5.5V to Part A1
Added Parameter Max Supply Voltage=5.5V to Part A1
Added Parameter Min Operating Temperature=-40°C to Part A1
Added Parameter Min Operating Temperature=-40°C to Part A1
Added Parameter Min Operating Temperature=-40°C to Part A1
Added Parameter Min Operating Temperature=-40°C to Part A1
Added Parameter Min Operating Temperature=-40°C to Part A1
Added Parameter Min Supply Voltage=4.5V to Part A1
Added Parameter Min Supply Voltage=4.5V to Part A1
Added Parameter Min Supply Voltage=4.5V to Part A1
Added Parameter Min Supply Voltage=4.5V to Part A1
Added Parameter Min Supply Voltage=4.5V to Part A1
Added Parameter Mounting Technology= to Part A1
Added Parameter Mounting Technology= to Part A1
Added Parameter Mounting Technology= to Part A1
Added Parameter Mounting Technology= to Part A1
Added Parameter Mounting Technology= to Part A1
Added Parameter Nominal Supply Current= to Part A1
Added Parameter Nominal Supply Current= to Part A1
Added Parameter Nominal Supply Current= to Part A1
Added Parameter Nominal Supply Current= to Part A1
Added Parameter Nominal Supply Current= to Part A1
Added Parameter Nominal Supply Voltage=5V to Part A1
Added Parameter Nominal Supply Voltage=5V to Part A1
Added Parameter Nominal Supply Voltage=5V to Part A1
Added Parameter Nominal Supply Voltage=5V to Part A1
Added Parameter Nominal Supply Voltage=5V to Part A1
Added Parameter Number of Inputs=2 to Part A1
Added Parameter Number of Inputs=2 to Part A1
Added Parameter Number of Inputs=2 to Part A1
Added Parameter Number of Inputs=2 to Part A1
Added Parameter Number of Inputs=2 to Part A1
Added Parameter Output Function= to Part A1
Added Parameter Output Function= to Part A1
Added Parameter Output Function= to Part A1
Added Parameter Output Function= to Part A1
Added Parameter Output Function= to Part A1
Added Parameter Package Body Material=Plastic to Part A1
Added Parameter Package Body Material=Plastic to Part A1
Added Parameter Package Body Material=Plastic to Part A1
Added Parameter Package Body Material=Plastic to Part A1
Added Parameter Package Body Material=Plastic to Part A1
Added Parameter Package Equivalence Code=DIP14,.3 to Part A1
Added Parameter Package Equivalence Code=DIP14,.3 to Part A1
Added Parameter Package Equivalence Code=DIP14,.3 to Part A1
Added Parameter Package Equivalence Code=DIP14,.3 to Part A1
Added Parameter Package Equivalence Code=DIP14,.3 to Part A1
Added Parameter Package Shape=Rectangular to Part A1
Added Parameter Package Shape=Rectangular to Part A1
Added Parameter Package Shape=Rectangular to Part A1
Added Parameter Package Shape=Rectangular to Part A1
Added Parameter Package Shape=Rectangular to Part A1
Added Parameter Package Style=IN-LINEMeter to Part A1
Added Parameter Package Style=IN-LINEMeter to Part A1
Added Parameter Package Style=IN-LINEMeter to Part A1
Added Parameter Package Style=IN-LINEMeter to Part A1
Added Parameter Package Style=IN-LINEMeter to Part A1
Added Parameter Packaging=Rail/Tube to Part A1
Added Parameter Packaging=Rail/Tube to Part A1
Added Parameter Packaging=Rail/Tube to Part A1
Added Parameter Packaging=Rail/Tube to Part A1
Added Parameter Packaging=Rail/Tube to Part A1
Added Parameter Pins=14 to Part A1
Added Parameter Pins=14 to Part A1
Added Parameter Pins=14 to Part A1
Added Parameter Pins=14 to Part A1
Added Parameter Pins=14 to Part A1
Added Parameter Power Supplies=5V to Part A1
Added Parameter Power Supplies=5V to Part A1
Added Parameter Power Supplies=5V to Part A1
Added Parameter Power Supplies=5V to Part A1
Added Parameter Power Supplies=5V to Part A1
Added Parameter Prop. Delay@Nom-Sup=25ns to Part A1
Added Parameter Prop. Delay@Nom-Sup=25ns to Part A1
Added Parameter Prop. Delay@Nom-Sup=25ns to Part A1
Added Parameter Prop. Delay@Nom-Sup=25ns to Part A1
Added Parameter Prop. Delay@Nom-Sup=25ns to Part A1
Added Parameter Propagation Delay (tpd)=25ns to Part A1
Added Parameter Propagation Delay (tpd)=25ns to Part A1
Added Parameter Propagation Delay (tpd)=25ns to Part A1
Added Parameter Propagation Delay (tpd)=25ns to Part A1
Added Parameter Propagation Delay (tpd)=25ns to Part A1
Added Parameter Qualification Status=Not Qualified to Part A1
Added Parameter Qualification Status=Not Qualified to Part A1
Added Parameter Qualification Status=Not Qualified to Part A1
Added Parameter Qualification Status=Not Qualified to Part A1
Added Parameter Qualification Status=Not Qualified to Part A1
Added Parameter Reach SVHC Compliant=Yes to Part A1
Added Parameter Reach SVHC Compliant=Yes to Part A1
Added Parameter Reach SVHC Compliant=Yes to Part A1
Added Parameter Reach SVHC Compliant=Yes to Part A1
Added Parameter Reach SVHC Compliant=Yes to Part A1
Added Parameter RoHS Compliant=Yes to Part A1
Added Parameter RoHS Compliant=Yes to Part A1
Added Parameter RoHS Compliant=Yes to Part A1
Added Parameter RoHS Compliant=Yes to Part A1
Added Parameter RoHS Compliant=Yes to Part A1
Added Parameter Schmitt Trigger=No to Part A1
Added Parameter Schmitt Trigger=No to Part A1
Added Parameter Schmitt Trigger=No to Part A1
Added Parameter Schmitt Trigger=No to Part A1
Added Parameter Schmitt Trigger=No to Part A1
Added Parameter Surface Mount=No to Part A1
Added Parameter Surface Mount=No to Part A1
Added Parameter Surface Mount=No to Part A1
Added Parameter Surface Mount=No to Part A1
Added Parameter Surface Mount=No to Part A1
Added Parameter Technology=CMOS to Part A1
Added Parameter Technology=CMOS to Part A1
Added Parameter Technology=CMOS to Part A1
Added Parameter Technology=CMOS to Part A1
Added Parameter Technology=CMOS to Part A1
Added Parameter Temperature Grade=INDUSTRIAL to Part A1
Added Parameter Temperature Grade=INDUSTRIAL to Part A1
Added Parameter Temperature Grade=INDUSTRIAL to Part A1
Added Parameter Temperature Grade=INDUSTRIAL to Part A1
Added Parameter Temperature Grade=INDUSTRIAL to Part A1
Added Parameter Terminal Finish=Nickel to Part A1
Added Parameter Terminal Finish=Nickel to Part A1
Added Parameter Terminal Finish=Nickel to Part A1
Added Parameter Terminal Finish=Nickel to Part A1
Added Parameter Terminal Finish=Nickel to Part A1
Added Parameter Terminal Form=Through Hole to Part A1
Added Parameter Terminal Form=Through Hole to Part A1
Added Parameter Terminal Form=Through Hole to Part A1
Added Parameter Terminal Form=Through Hole to Part A1
Added Parameter Terminal Form=Through Hole to Part A1
Added Parameter Terminal Pitch=2.54mm to Part A1
Added Parameter Terminal Pitch=2.54mm to Part A1
Added Parameter Terminal Pitch=2.54mm to Part A1
Added Parameter Terminal Pitch=2.54mm to Part A1
Added Parameter Terminal Pitch=2.54mm to Part A1
Added Parameter Terminal Position=DUAL to Part A1
Added Parameter Terminal Position=DUAL to Part A1
Added Parameter Terminal Position=DUAL to Part A1
Added Parameter Terminal Position=DUAL to Part A1
Added Parameter Terminal Position=DUAL to Part A1
Added Parameter Width=7.62mm to Part A1
Added Parameter Width=7.62mm to Part A1
Added Parameter Width=7.62mm to Part A1
Added Parameter Width=7.62mm to Part A1
Added Parameter Width=7.62mm to Part A1
Update Managed Component A1 From CMP-016-00012-1[CD74HCT02E] To CMP-016-00012-1[SN74HCT02N] in Bevattningssystem.SchDoc
Update Managed Component A1 From CMP-016-00012-1[CD74HCT02E] To CMP-016-00012-1[SN74HCT02N] in Bevattningssystem.SchDoc
Update Managed Component A1 From CMP-016-00012-1[CD74HCT02E] To CMP-016-00012-1[SN74HCT02N] in Bevattningssystem.SchDoc
Update Managed Component A1 From CMP-016-00012-1[CD74HCT02E] To CMP-016-00012-1[SN74HCT02N] in Bevattningssystem.SchDoc
Update Managed Component A1 From CMP-016-00012-1[CD74HCT02E] To CMP-016-00012-1[SN74HCT02N] in Bevattningssystem.SchDoc
