Removed Parameter Component Type:Transistors from Part Q1
Removed Parameter Component Type:Transistors from Part Q2
Removed Parameter Component Type:Transistors from Part Q
Change Value of Parameter Case/Package in Part Q1 Old= New=TO-226-3
Change Value of Parameter Case/Package in Part Q2 Old= New=TO-226-3
Change Value of Parameter Case/Package in Part Q Old= New=TO-226-3
Change Value of Parameter Frequency in Part Q2 Old= New=300MHz
Change Value of Parameter Frequency in Part Q1 Old= New=300MHz
Change Value of Parameter Frequency in Part Q Old= New=300MHz
Change Value of Parameter Max Operating Temperature in Part Q Old= New=150°C
Change Value of Parameter Max Operating Temperature in Part Q2 Old= New=150°C
Change Value of Parameter Max Operating Temperature in Part Q1 Old= New=150°C
Change Value of Parameter Min Operating Temperature in Part Q2 Old= New=-55°C
Change Value of Parameter Min Operating Temperature in Part Q1 Old= New=-55°C
Change Value of Parameter Min Operating Temperature in Part Q Old= New=-55°C
Change Value of Parameter Mounting Technology in Part Q Old= New=TH
Change Value of Parameter Mounting Technology in Part Q2 Old= New=TH
Change Value of Parameter Mounting Technology in Part Q1 Old= New=TH
Change Value of Parameter Pins in Part Q Old= New=3
Change Value of Parameter Pins in Part Q2 Old= New=3
Change Value of Parameter Pins in Part Q1 Old= New=3
Change Value of Parameter Power in Part Q Old= New=625mW
Change Value of Parameter Power in Part Q2 Old= New=625mW
Change Value of Parameter Power in Part Q1 Old= New=625mW
Change Value of Parameter RoHS Compliant in Part Q2 Old= New=True
Change Value of Parameter RoHS Compliant in Part Q1 Old= New=True
Change Value of Parameter RoHS Compliant in Part Q Old= New=True
Added Parameter Datasheet URL=https://www.fairchildsemi.com/datasheets/PN/PN2222A.pdf to Part Q1
Added Parameter Datasheet URL=https://www.fairchildsemi.com/datasheets/PN/PN2222A.pdf to Part Q2
Added Parameter Datasheet URL=https://www.fairchildsemi.com/datasheets/PN/PN2222A.pdf to Part Q
Added Parameter Datasheet Version=Rev. 1.1.0, 07/2014 to Part Q1
Added Parameter Datasheet Version=Rev. 1.1.0, 07/2014 to Part Q2
Added Parameter Datasheet Version=Rev. 1.1.0, 07/2014 to Part Q
Added Parameter Elements=1 to Part Q1
Added Parameter Elements=1 to Part Q2
Added Parameter Elements=1 to Part Q
Added Parameter hFE Min=100 to Part Q1
Added Parameter hFE Min=100 to Part Q2
Added Parameter hFE Min=100 to Part Q
Added Parameter Manufacturer=Fairchild to Part Q1
Added Parameter Manufacturer=Fairchild to Part Q2
Added Parameter Manufacturer=Fairchild to Part Q
Added Parameter Package Description=3-Pin Transistor Outline Package, Body Dia 4.79 mm, Pitch 1.27 mm to Part Q1
Added Parameter Package Description=3-Pin Transistor Outline Package, Body Dia 4.79 mm, Pitch 1.27 mm to Part Q2
Added Parameter Package Description=3-Pin Transistor Outline Package, Body Dia 4.79 mm, Pitch 1.27 mm to Part Q
Added Parameter Package Quantity=1000 to Part Q1
Added Parameter Package Quantity=1000 to Part Q2
Added Parameter Package Quantity=1000 to Part Q
Added Parameter Package Reference=TO-92 to Part Q1
Added Parameter Package Reference=TO-92 to Part Q2
Added Parameter Package Reference=TO-92 to Part Q
Added Parameter Packaging=Bulk to Part Q1
Added Parameter Packaging=Bulk to Part Q2
Added Parameter Packaging=Bulk to Part Q
Added Parameter Vce Max=1V to Part Q1
Added Parameter Vce Max=1V to Part Q2
Added Parameter Vce Max=1V to Part Q
Update Managed Component Q From CMP-013-00009-3[Transistors] To CMP-013-00009-3[PN2222ABU] in Bevattningssystem.SchDoc
Update Managed Component Q1 From CMP-013-00009-3[Transistors] To CMP-013-00009-3[PN2222ABU] in Bevattningssystem.SchDoc
Update Managed Component Q2 From CMP-013-00009-3[Transistors] To CMP-013-00009-3[PN2222ABU] in Bevattningssystem.SchDoc
