Update Managed Component A1 From CMP-0806-00205-3[CD74HCT02E] To CMP-0806-00205-3[CD74HCT02E] in Bevattningssystem.SchDoc
Update Managed Component A1 From CMP-0806-00205-3[CD74HCT02E] To CMP-0806-00205-3[CD74HCT02E] in Bevattningssystem.SchDoc
Update Managed Component A1 From CMP-0806-00205-3[CD74HCT02E] To CMP-0806-00205-3[CD74HCT02E] in Bevattningssystem.SchDoc
Update Managed Component A1 From CMP-0806-00205-3[CD74HCT02E] To CMP-0806-00205-3[CD74HCT02E] in Bevattningssystem.SchDoc
Update Managed Component A1 From CMP-0806-00205-3[CD74HCT02E] To CMP-0806-00205-3[CD74HCT02E] in Bevattningssystem.SchDoc
Update Managed Component CC1 From CMP-06035-000082-2[GCM3195C2A103JA16D] To CMP-06035-000082-2[GCM3195C2A103JA16D] in Bevattningssystem.SchDoc
Update Managed Component CC2 From CMP-06035-000082-2[GCM3195C2A103JA16D] To CMP-06035-000082-2[GCM3195C2A103JA16D] in Bevattningssystem.SchDoc
Update Managed Component CT1 From CMP-001-00022-7[293D476X9016D2TE3] To CMP-001-00022-7[293D476X9016D2TE3] in Bevattningssystem.SchDoc
Update Managed Component CT2 From CMP-001-00022-7[293D476X9016D2TE3] To CMP-001-00022-7[293D476X9016D2TE3] in Bevattningssystem.SchDoc
Update Managed Component Q1 From CMP-013-00009-3[PN2222ABU] To CMP-013-00009-3[PN2222ABU] in Bevattningssystem.SchDoc
Update Managed Component Q2 From CMP-013-00009-3[PN2222ABU] To CMP-013-00009-3[PN2222ABU] in Bevattningssystem.SchDoc
Update Managed Component QC1 From CMP-013-00009-3[PN2222ABU] To CMP-013-00009-3[PN2222ABU] in Bevattningssystem.SchDoc
Update Managed Component QC2 From CMP-013-00009-3[PN2222ABU] To CMP-013-00009-3[PN2222ABU] in Bevattningssystem.SchDoc
Update Managed Component R1C1 From CMP-009-00033-5[Resistor 4k7 +/-1% 1206 250 mW] To CMP-009-00033-5[Resistor 4k7 +/-1% 1206 250 mW] in Bevattningssystem.SchDoc
Update Managed Component R1C2 From CMP-009-00033-5[Resistor 4k7 +/-1% 1206 250 mW] To CMP-009-00033-5[Resistor 4k7 +/-1% 1206 250 mW] in Bevattningssystem.SchDoc
Update Managed Component R2C1 From CMP-009-00033-5[Resistor 4k7 +/-1% 1206 250 mW] To CMP-009-00033-5[Resistor 4k7 +/-1% 1206 250 mW] in Bevattningssystem.SchDoc
Update Managed Component R2C2 From CMP-009-00033-5[Resistor 4k7 +/-1% 1206 250 mW] To CMP-009-00033-5[Resistor 4k7 +/-1% 1206 250 mW] in Bevattningssystem.SchDoc
Update Managed Component R3C1 From CMP-009-00033-5[Resistor 4k7 +/-1% 1206 250 mW] To CMP-009-00033-5[Resistor 4k7 +/-1% 1206 250 mW] in Bevattningssystem.SchDoc
Update Managed Component R3C2 From CMP-009-00033-5[Resistor 4k7 +/-1% 1206 250 mW] To CMP-009-00033-5[Resistor 4k7 +/-1% 1206 250 mW] in Bevattningssystem.SchDoc
Replace Part RAC2 TC33X-2-104E in C:\GitHub\TNE087-Project-2025-Irrigation-system\Bevattningssystem\Bevattningssystem.SchDoc with TC33X-2-104E from Components.IntLib
Replace Part RB1 TC33X-2-104E in C:\GitHub\TNE087-Project-2025-Irrigation-system\Bevattningssystem\Bevattningssystem.SchDoc with TC33X-2-104E from Components.IntLib
Update Managed Component RP From CMP-009-00149-3[Resistor 10K  +/-1 % 0402 63 mW] To CMP-009-00149-3[Resistor 10K  +/-1 % 0402 63 mW] in Bevattningssystem.SchDoc
Update Managed Component RP1C1 From CMP-009-00149-3[Resistor 10K  +/-1 % 0402 63 mW] To CMP-009-00149-3[Resistor 10K  +/-1 % 0402 63 mW] in Bevattningssystem.SchDoc
Update Managed Component RP1C2 From CMP-009-00149-3[Resistor 10K  +/-1 % 0402 63 mW] To CMP-009-00149-3[Resistor 10K  +/-1 % 0402 63 mW] in Bevattningssystem.SchDoc
Update Managed Component RP2C1 From CMP-009-00149-3[Resistor 10K  +/-1 % 0402 63 mW] To CMP-009-00149-3[Resistor 10K  +/-1 % 0402 63 mW] in Bevattningssystem.SchDoc
Update Managed Component RP2C2 From CMP-009-00149-3[Resistor 10K  +/-1 % 0402 63 mW] To CMP-009-00149-3[Resistor 10K  +/-1 % 0402 63 mW] in Bevattningssystem.SchDoc
Update Managed Component RQ1 From CMP-009-00149-3[Resistor 10K  +/-1 % 0402 63 mW] To CMP-009-00149-3[Resistor 10K  +/-1 % 0402 63 mW] in Bevattningssystem.SchDoc
Update Managed Component RQ2 From CMP-009-00149-3[Resistor 10K  +/-1 % 0402 63 mW] To CMP-009-00149-3[Resistor 10K  +/-1 % 0402 63 mW] in Bevattningssystem.SchDoc
Update Managed Component RQC1 From CMP-009-00149-3[Resistor 10K  +/-1 % 0402 63 mW] To CMP-009-00149-3[Resistor 10K  +/-1 % 0402 63 mW] in Bevattningssystem.SchDoc
Update Managed Component RQC2 From CMP-009-00149-3[Resistor 10K  +/-1 % 0402 63 mW] To CMP-009-00149-3[Resistor 10K  +/-1 % 0402 63 mW] in Bevattningssystem.SchDoc
Update Managed Component U From CMP-0055-00162-3[LM741CN/NOPB] To CMP-0055-00162-3[LM741CN/NOPB] in Bevattningssystem.SchDoc
Update Managed Component U1 From CMP-014-00014-2[LM339AN] To CMP-014-00014-2[LM339AN] in Bevattningssystem.SchDoc
Update Managed Component U1 From CMP-014-00014-2[LM339AN] To CMP-014-00014-2[LM339AN] in Bevattningssystem.SchDoc
Update Managed Component U1 From CMP-014-00014-2[LM339AN] To CMP-014-00014-2[LM339AN] in Bevattningssystem.SchDoc
Update Managed Component U1 From CMP-014-00014-2[LM339AN] To CMP-014-00014-2[LM339AN] in Bevattningssystem.SchDoc
Update Managed Component UC From CMP-1623-00611-2[CD4020BNSR] To CMP-1623-00611-2[CD4020BNSR] in Bevattningssystem.SchDoc
Update Managed Component VREG From CMP-0324-00077-1[UA78M05CKCSE3] To CMP-0324-00077-1[UA78M05CKCSE3] in Bevattningssystem.SchDoc
