Removed Parameter Amplifier Type:COMPARATOR from Part U1
Removed Parameter Amplifier Type:COMPARATOR from Part U1
Removed Parameter Amplifier Type:COMPARATOR from Part U1
Removed Parameter Amplifier Type:COMPARATOR from Part U1
Removed Parameter Average Bias Current-Max (IIB):-400nA from Part U1
Removed Parameter Average Bias Current-Max (IIB):-400nA from Part U1
Removed Parameter Average Bias Current-Max (IIB):-400nA from Part U1
Removed Parameter Average Bias Current-Max (IIB):-400nA from Part U1
Removed Parameter Bias Current-Max (IIB) @25C:250nA from Part U1
Removed Parameter Bias Current-Max (IIB) @25C:250nA from Part U1
Removed Parameter Bias Current-Max (IIB) @25C:250nA from Part U1
Removed Parameter Bias Current-Max (IIB) @25C:250nA from Part U1
Removed Parameter Height - Seated (Max):1.2mm from Part U1
Removed Parameter Height - Seated (Max):1.2mm from Part U1
Removed Parameter Height - Seated (Max):1.2mm from Part U1
Removed Parameter Height - Seated (Max):1.2mm from Part U1
Removed Parameter Input Offset Voltage-Max:4mV from Part U1
Removed Parameter Input Offset Voltage-Max:4mV from Part U1
Removed Parameter Input Offset Voltage-Max:4mV from Part U1
Removed Parameter Input Offset Voltage-Max:4mV from Part U1
Removed Parameter JESD-30 Code:R-PDSO-G14 from Part U1
Removed Parameter JESD-30 Code:R-PDSO-G14 from Part U1
Removed Parameter JESD-30 Code:R-PDSO-G14 from Part U1
Removed Parameter JESD-30 Code:R-PDSO-G14 from Part U1
Removed Parameter JESD-609 Code:e3 from Part U1
Removed Parameter JESD-609 Code:e3 from Part U1
Removed Parameter JESD-609 Code:e3 from Part U1
Removed Parameter JESD-609 Code:e3 from Part U1
Removed Parameter Length:5mm from Part U1
Removed Parameter Length:5mm from Part U1
Removed Parameter Length:5mm from Part U1
Removed Parameter Length:5mm from Part U1
Removed Parameter Max Supply Current:2mA from Part U1
Removed Parameter Max Supply Current:2mA from Part U1
Removed Parameter Max Supply Current:2mA from Part U1
Removed Parameter Max Supply Current:2mA from Part U1
Removed Parameter Moisture Sensitivity Level:1 from Part U1
Removed Parameter Moisture Sensitivity Level:1 from Part U1
Removed Parameter Moisture Sensitivity Level:1 from Part U1
Removed Parameter Moisture Sensitivity Level:1 from Part U1
Removed Parameter Package Body Material:Plastic from Part U1
Removed Parameter Package Body Material:Plastic from Part U1
Removed Parameter Package Body Material:Plastic from Part U1
Removed Parameter Package Body Material:Plastic from Part U1
Removed Parameter Package Equivalence Code:TSSOP14,.25 from Part U1
Removed Parameter Package Equivalence Code:TSSOP14,.25 from Part U1
Removed Parameter Package Equivalence Code:TSSOP14,.25 from Part U1
Removed Parameter Package Equivalence Code:TSSOP14,.25 from Part U1
Removed Parameter Package Shape:Rectangular from Part U1
Removed Parameter Package Shape:Rectangular from Part U1
Removed Parameter Package Shape:Rectangular from Part U1
Removed Parameter Package Shape:Rectangular from Part U1
Removed Parameter Package Style:SMALL OUTLINE, THIN PROFILE, SHRINK PITCHMeter from Part U1
Removed Parameter Package Style:SMALL OUTLINE, THIN PROFILE, SHRINK PITCHMeter from Part U1
Removed Parameter Package Style:SMALL OUTLINE, THIN PROFILE, SHRINK PITCHMeter from Part U1
Removed Parameter Package Style:SMALL OUTLINE, THIN PROFILE, SHRINK PITCHMeter from Part U1
Removed Parameter Peak Reflow Temperature (Cel):260°C from Part U1
Removed Parameter Peak Reflow Temperature (Cel):260°C from Part U1
Removed Parameter Peak Reflow Temperature (Cel):260°C from Part U1
Removed Parameter Peak Reflow Temperature (Cel):260°C from Part U1
Removed Parameter Power Supplies:5V from Part U1
Removed Parameter Power Supplies:5V from Part U1
Removed Parameter Power Supplies:5V from Part U1
Removed Parameter Power Supplies:5V from Part U1
Removed Parameter Qualification Status:Not Qualified from Part U1
Removed Parameter Qualification Status:Not Qualified from Part U1
Removed Parameter Qualification Status:Not Qualified from Part U1
Removed Parameter Qualification Status:Not Qualified from Part U1
Removed Parameter Reach SVHC Compliant:Yes from Part U1
Removed Parameter Reach SVHC Compliant:Yes from Part U1
Removed Parameter Reach SVHC Compliant:Yes from Part U1
Removed Parameter Reach SVHC Compliant:Yes from Part U1
Removed Parameter Response Time-Nom:1300ns from Part U1
Removed Parameter Response Time-Nom:1300ns from Part U1
Removed Parameter Response Time-Nom:1300ns from Part U1
Removed Parameter Response Time-Nom:1300ns from Part U1
Removed Parameter Supply Voltage Limit-Max:36V from Part U1
Removed Parameter Supply Voltage Limit-Max:36V from Part U1
Removed Parameter Supply Voltage Limit-Max:36V from Part U1
Removed Parameter Supply Voltage Limit-Max:36V from Part U1
Removed Parameter Surface Mount:Yes from Part U1
Removed Parameter Surface Mount:Yes from Part U1
Removed Parameter Surface Mount:Yes from Part U1
Removed Parameter Surface Mount:Yes from Part U1
Removed Parameter Technology:BIPOLAR from Part U1
Removed Parameter Technology:BIPOLAR from Part U1
Removed Parameter Technology:BIPOLAR from Part U1
Removed Parameter Technology:BIPOLAR from Part U1
Removed Parameter Temperature Grade:COMMERCIAL from Part U1
Removed Parameter Temperature Grade:COMMERCIAL from Part U1
Removed Parameter Temperature Grade:COMMERCIAL from Part U1
Removed Parameter Temperature Grade:COMMERCIAL from Part U1
Removed Parameter Terminal Finish:Tin from Part U1
Removed Parameter Terminal Finish:Tin from Part U1
Removed Parameter Terminal Finish:Tin from Part U1
Removed Parameter Terminal Finish:Tin from Part U1
Removed Parameter Terminal Form:Gull Wing from Part U1
Removed Parameter Terminal Form:Gull Wing from Part U1
Removed Parameter Terminal Form:Gull Wing from Part U1
Removed Parameter Terminal Form:Gull Wing from Part U1
Removed Parameter Terminal Pitch:0.65mm from Part U1
Removed Parameter Terminal Pitch:0.65mm from Part U1
Removed Parameter Terminal Pitch:0.65mm from Part U1
Removed Parameter Terminal Pitch:0.65mm from Part U1
Removed Parameter Terminal Position:DUAL from Part U1
Removed Parameter Terminal Position:DUAL from Part U1
Removed Parameter Terminal Position:DUAL from Part U1
Removed Parameter Terminal Position:DUAL from Part U1
Removed Parameter Width:4.4mm from Part U1
Removed Parameter Width:4.4mm from Part U1
Removed Parameter Width:4.4mm from Part U1
Removed Parameter Width:4.4mm from Part U1
Change Value of Parameter Case/Package in Part U1 Old=TSSOP New=PDIP
Change Value of Parameter Case/Package in Part U1 Old=TSSOP New=PDIP
Change Value of Parameter Case/Package in Part U1 Old=TSSOP New=PDIP
Change Value of Parameter Case/Package in Part U1 Old=TSSOP New=PDIP
Change Value of Parameter Channels in Part U1 Old=4 New=
Change Value of Parameter Channels in Part U1 Old=4 New=
Change Value of Parameter Channels in Part U1 Old=4 New=
Change Value of Parameter Channels in Part U1 Old=4 New=
Change Value of Parameter Max Supply Voltage in Part U1 Old= New=30V
Change Value of Parameter Max Supply Voltage in Part U1 Old= New=30V
Change Value of Parameter Max Supply Voltage in Part U1 Old= New=30V
Change Value of Parameter Max Supply Voltage in Part U1 Old= New=30V
Change Value of Parameter Min Supply Voltage in Part U1 Old= New=2V
Change Value of Parameter Min Supply Voltage in Part U1 Old= New=2V
Change Value of Parameter Min Supply Voltage in Part U1 Old= New=2V
Change Value of Parameter Min Supply Voltage in Part U1 Old= New=2V
Change Value of Parameter Mounting Technology in Part U1 Old= New=TH
Change Value of Parameter Mounting Technology in Part U1 Old= New=TH
Change Value of Parameter Mounting Technology in Part U1 Old= New=TH
Change Value of Parameter Mounting Technology in Part U1 Old= New=TH
Change Value of Parameter Nominal Supply Voltage in Part U1 Old=5V New=
Change Value of Parameter Nominal Supply Voltage in Part U1 Old=5V New=
Change Value of Parameter Nominal Supply Voltage in Part U1 Old=5V New=
Change Value of Parameter Nominal Supply Voltage in Part U1 Old=5V New=
Change Value of Parameter Output Type in Part U1 Old=OPEN-COLLECTOR New=
Change Value of Parameter Output Type in Part U1 Old=OPEN-COLLECTOR New=
Change Value of Parameter Output Type in Part U1 Old=OPEN-COLLECTOR New=
Change Value of Parameter Output Type in Part U1 Old=OPEN-COLLECTOR New=
Change Value of Parameter Packaging in Part U1 Old=Tape and Reel New=Rail/Tube
Change Value of Parameter Packaging in Part U1 Old=Tape and Reel New=Rail/Tube
Change Value of Parameter Packaging in Part U1 Old=Tape and Reel New=Rail/Tube
Change Value of Parameter Packaging in Part U1 Old=Tape and Reel New=Rail/Tube
Change Value of Parameter Power in Part U1 Old= New=1.05W
Change Value of Parameter Power in Part U1 Old= New=1.05W
Change Value of Parameter Power in Part U1 Old= New=1.05W
Change Value of Parameter Power in Part U1 Old= New=1.05W
Change Value of Parameter RoHS Compliant in Part U1 Old=Yes New=True
Change Value of Parameter RoHS Compliant in Part U1 Old=Yes New=True
Change Value of Parameter RoHS Compliant in Part U1 Old=Yes New=True
Change Value of Parameter RoHS Compliant in Part U1 Old=Yes New=True
Added Parameter Datasheet URL=http://www.ti.com/general/docs/lit/getliterature.tsp?genericPartNumber=LM339A&fileType=pdf to Part U1
Added Parameter Datasheet URL=http://www.ti.com/general/docs/lit/getliterature.tsp?genericPartNumber=LM339A&fileType=pdf to Part U1
Added Parameter Datasheet URL=http://www.ti.com/general/docs/lit/getliterature.tsp?genericPartNumber=LM339A&fileType=pdf to Part U1
Added Parameter Datasheet URL=http://www.ti.com/general/docs/lit/getliterature.tsp?genericPartNumber=LM339A&fileType=pdf to Part U1
Added Parameter Datasheet Version=SLCS006S, 08/2012 to Part U1
Added Parameter Datasheet Version=SLCS006S, 08/2012 to Part U1
Added Parameter Datasheet Version=SLCS006S, 08/2012 to Part U1
Added Parameter Datasheet Version=SLCS006S, 08/2012 to Part U1
Added Parameter Elements=4 to Part U1
Added Parameter Elements=4 to Part U1
Added Parameter Elements=4 to Part U1
Added Parameter Elements=4 to Part U1
Added Parameter Manufacturer=Texas Instruments (TI) to Part U1
Added Parameter Manufacturer=Texas Instruments (TI) to Part U1
Added Parameter Manufacturer=Texas Instruments (TI) to Part U1
Added Parameter Manufacturer=Texas Instruments (TI) to Part U1
Added Parameter Manufacturer URL=http://www.ti.com/ to Part U1
Added Parameter Manufacturer URL=http://www.ti.com/ to Part U1
Added Parameter Manufacturer URL=http://www.ti.com/ to Part U1
Added Parameter Manufacturer URL=http://www.ti.com/ to Part U1
Added Parameter Max Dual Supply Voltage=15V to Part U1
Added Parameter Max Dual Supply Voltage=15V to Part U1
Added Parameter Max Dual Supply Voltage=15V to Part U1
Added Parameter Max Dual Supply Voltage=15V to Part U1
Added Parameter Min Dual Supply Voltage=1V to Part U1
Added Parameter Min Dual Supply Voltage=1V to Part U1
Added Parameter Min Dual Supply Voltage=1V to Part U1
Added Parameter Min Dual Supply Voltage=1V to Part U1
Added Parameter Nominal Supply Current=500uA to Part U1
Added Parameter Nominal Supply Current=500uA to Part U1
Added Parameter Nominal Supply Current=500uA to Part U1
Added Parameter Nominal Supply Current=500uA to Part U1
Added Parameter Nominal Voltage Gain=106.02dB to Part U1
Added Parameter Nominal Voltage Gain=106.02dB to Part U1
Added Parameter Nominal Voltage Gain=106.02dB to Part U1
Added Parameter Nominal Voltage Gain=106.02dB to Part U1
Added Parameter Package Description=14-Pin Double In-line Package, Body 19.305 x 6.35 mm, Pitch 2.54 mm to Part U1
Added Parameter Package Description=14-Pin Double In-line Package, Body 19.305 x 6.35 mm, Pitch 2.54 mm to Part U1
Added Parameter Package Description=14-Pin Double In-line Package, Body 19.305 x 6.35 mm, Pitch 2.54 mm to Part U1
Added Parameter Package Description=14-Pin Double In-line Package, Body 19.305 x 6.35 mm, Pitch 2.54 mm to Part U1
Added Parameter Package Quantity=25 to Part U1
Added Parameter Package Quantity=25 to Part U1
Added Parameter Package Quantity=25 to Part U1
Added Parameter Package Quantity=25 to Part U1
Added Parameter Package Reference=N-14 to Part U1
Added Parameter Package Reference=N-14 to Part U1
Added Parameter Package Reference=N-14 to Part U1
Added Parameter Package Reference=N-14 to Part U1
Added Parameter Package URL=http://www.ti.com/lit/ml/mpdi002c/mpdi002c.pdf to Part U1
Added Parameter Package URL=http://www.ti.com/lit/ml/mpdi002c/mpdi002c.pdf to Part U1
Added Parameter Package URL=http://www.ti.com/lit/ml/mpdi002c/mpdi002c.pdf to Part U1
Added Parameter Package URL=http://www.ti.com/lit/ml/mpdi002c/mpdi002c.pdf to Part U1
Update Managed Component U1 From CMP-014-00014-2[LM339APWR] To CMP-014-00014-2[LM339AN] in Bevattningssystem.SchDoc
Update Managed Component U1 From CMP-014-00014-2[LM339APWR] To CMP-014-00014-2[LM339AN] in Bevattningssystem.SchDoc
Update Managed Component U1 From CMP-014-00014-2[LM339APWR] To CMP-014-00014-2[LM339AN] in Bevattningssystem.SchDoc
Update Managed Component U1 From CMP-014-00014-2[LM339APWR] To CMP-014-00014-2[LM339AN] in Bevattningssystem.SchDoc
