Change Value of Parameter Case/Package in Part R3C1 Old=0402 New=1206
Change Value of Parameter Case/Package in Part R2C1 Old=0402 New=1206
Change Value of Parameter Case/Package in Part R1C2 Old=0402 New=1206
Change Value of Parameter Case/Package in Part R1C1 Old=0402 New=1206
Change Value of Parameter Case/Package in Part R2C2 Old=0402 New=1206
Change Value of Parameter Case/Package in Part R3C2 Old=0402 New=1206
Change Value of Parameter Mounting Technology in Part R2C2 Old= New=SM
Change Value of Parameter Mounting Technology in Part R2C1 Old= New=SM
Change Value of Parameter Mounting Technology in Part R3C2 Old= New=SM
Change Value of Parameter Mounting Technology in Part R3C1 Old= New=SM
Change Value of Parameter Mounting Technology in Part R1C1 Old= New=SM
Change Value of Parameter Mounting Technology in Part R1C2 Old= New=SM
Change Value of Parameter Power in Part R2C2 Old=63mW New=250mW
Change Value of Parameter Power in Part R3C1 Old=63mW New=250mW
Change Value of Parameter Power in Part R3C2 Old=63mW New=250mW
Change Value of Parameter Power in Part R1C2 Old=63mW New=250mW
Change Value of Parameter Power in Part R2C1 Old=63mW New=250mW
Change Value of Parameter Power in Part R1C1 Old=63mW New=250mW
Change Value of Parameter RoHS Compliant in Part R1C1 Old= New=True
Change Value of Parameter RoHS Compliant in Part R3C1 Old= New=True
Change Value of Parameter RoHS Compliant in Part R3C2 Old= New=True
Change Value of Parameter RoHS Compliant in Part R2C1 Old= New=True
Change Value of Parameter RoHS Compliant in Part R2C2 Old= New=True
Change Value of Parameter RoHS Compliant in Part R1C2 Old= New=True
Change Value of Parameter Voltage Rating in Part R3C2 Old= New=200V
Change Value of Parameter Voltage Rating in Part R1C2 Old= New=200V
Change Value of Parameter Voltage Rating in Part R1C1 Old= New=200V
Change Value of Parameter Voltage Rating in Part R2C1 Old= New=200V
Change Value of Parameter Voltage Rating in Part R3C1 Old= New=200V
Change Value of Parameter Voltage Rating in Part R2C2 Old= New=200V
Update Managed Component R1C1 From CMP-009-00033-5[Resistor 4K7  +/-1 % 0402 63 mW] To CMP-009-00033-5[Resistor 4k7 +/-1% 1206 250 mW] in Bevattningssystem.SchDoc
Update Managed Component R1C2 From CMP-009-00033-5[Resistor 4K7  +/-1 % 0402 63 mW] To CMP-009-00033-5[Resistor 4k7 +/-1% 1206 250 mW] in Bevattningssystem.SchDoc
Update Managed Component R2C1 From CMP-009-00033-5[Resistor 4K7  +/-1 % 0402 63 mW] To CMP-009-00033-5[Resistor 4k7 +/-1% 1206 250 mW] in Bevattningssystem.SchDoc
Update Managed Component R2C2 From CMP-009-00033-5[Resistor 4K7  +/-1 % 0402 63 mW] To CMP-009-00033-5[Resistor 4k7 +/-1% 1206 250 mW] in Bevattningssystem.SchDoc
Update Managed Component R3C1 From CMP-009-00033-5[Resistor 4K7  +/-1 % 0402 63 mW] To CMP-009-00033-5[Resistor 4k7 +/-1% 1206 250 mW] in Bevattningssystem.SchDoc
Update Managed Component R3C2 From CMP-009-00033-5[Resistor 4K7  +/-1 % 0402 63 mW] To CMP-009-00033-5[Resistor 4k7 +/-1% 1206 250 mW] in Bevattningssystem.SchDoc
